Building DAG of jobs...
Using shell: /bin/bash
Provided cores: 1 (use --cores to define parallelism)
Rules claiming more threads will be scaled down.
Job stats:
job                     count
--------------------  -------
all                         1
run_etalon_detection        4
total                       5

Select jobs to execute...

[Wed Apr 17 10:58:52 2024]
rule run_etalon_detection:
    output: /Users/elimiller/Documents/1Research/python_project/etalon_detection_analysis/output/bs_telescope/computer_2_narrowband_top_P2P
    jobid: 3
    reason: Missing output files: /Users/elimiller/Documents/1Research/python_project/etalon_detection_analysis/output/bs_telescope/computer_2_narrowband_top_P2P
    wildcards: computer=computer_2, band=narrowband
    resources: tmpdir=/var/folders/n5/vrbn2g0n2kj2ksmdqdnhl3_40000gn/T

[Wed Apr 17 10:59:17 2024]
Finished job 3.
1 of 5 steps (20%) done
Select jobs to execute...

[Wed Apr 17 10:59:17 2024]
rule run_etalon_detection:
    output: /Users/elimiller/Documents/1Research/python_project/etalon_detection_analysis/output/bs_telescope/computer_1_wideband_top_P2P
    jobid: 2
    reason: Missing output files: /Users/elimiller/Documents/1Research/python_project/etalon_detection_analysis/output/bs_telescope/computer_1_wideband_top_P2P
    wildcards: computer=computer_1, band=wideband
    resources: tmpdir=/var/folders/n5/vrbn2g0n2kj2ksmdqdnhl3_40000gn/T

[Wed Apr 17 10:59:38 2024]
Finished job 2.
2 of 5 steps (40%) done
Select jobs to execute...

[Wed Apr 17 10:59:38 2024]
rule run_etalon_detection:
    output: /Users/elimiller/Documents/1Research/python_project/etalon_detection_analysis/output/bs_telescope/computer_2_wideband_top_P2P
    jobid: 4
    reason: Missing output files: /Users/elimiller/Documents/1Research/python_project/etalon_detection_analysis/output/bs_telescope/computer_2_wideband_top_P2P
    wildcards: computer=computer_2, band=wideband
    resources: tmpdir=/var/folders/n5/vrbn2g0n2kj2ksmdqdnhl3_40000gn/T

[Wed Apr 17 11:00:13 2024]
Finished job 4.
3 of 5 steps (60%) done
Select jobs to execute...

[Wed Apr 17 11:00:13 2024]
rule run_etalon_detection:
    output: /Users/elimiller/Documents/1Research/python_project/etalon_detection_analysis/output/bs_telescope/computer_1_narrowband_top_P2P
    jobid: 1
    reason: Missing output files: /Users/elimiller/Documents/1Research/python_project/etalon_detection_analysis/output/bs_telescope/computer_1_narrowband_top_P2P
    wildcards: computer=computer_1, band=narrowband
    resources: tmpdir=/var/folders/n5/vrbn2g0n2kj2ksmdqdnhl3_40000gn/T

[Wed Apr 17 11:00:31 2024]
Finished job 1.
4 of 5 steps (80%) done
Select jobs to execute...

[Wed Apr 17 11:00:31 2024]
localrule all:
    input: /Users/elimiller/Documents/1Research/python_project/etalon_detection_analysis/output/bs_telescope/computer_1_narrowband_top_P2P, /Users/elimiller/Documents/1Research/python_project/etalon_detection_analysis/output/bs_telescope/computer_1_wideband_top_P2P, /Users/elimiller/Documents/1Research/python_project/etalon_detection_analysis/output/bs_telescope/computer_2_narrowband_top_P2P, /Users/elimiller/Documents/1Research/python_project/etalon_detection_analysis/output/bs_telescope/computer_2_wideband_top_P2P
    jobid: 0
    reason: Input files updated by another job: /Users/elimiller/Documents/1Research/python_project/etalon_detection_analysis/output/bs_telescope/computer_1_narrowband_top_P2P, /Users/elimiller/Documents/1Research/python_project/etalon_detection_analysis/output/bs_telescope/computer_2_wideband_top_P2P, /Users/elimiller/Documents/1Research/python_project/etalon_detection_analysis/output/bs_telescope/computer_1_wideband_top_P2P, /Users/elimiller/Documents/1Research/python_project/etalon_detection_analysis/output/bs_telescope/computer_2_narrowband_top_P2P
    resources: tmpdir=/var/folders/n5/vrbn2g0n2kj2ksmdqdnhl3_40000gn/T

[Wed Apr 17 11:00:31 2024]
Finished job 0.
5 of 5 steps (100%) done
Complete log: .snakemake/log/2024-04-17T105852.022394.snakemake.log
