Building DAG of jobs...
Using shell: /bin/bash
Provided cores: 1 (use --cores to define parallelism)
Rules claiming more threads will be scaled down.
Job stats:
job                     count
--------------------  -------
all                         1
run_etalon_detection        4
total                       5

Select jobs to execute...

[Tue Apr 16 16:05:23 2024]
rule run_etalon_detection:
    output: /Users/elimiller/Documents/1Research/python_project/etalon_detection_analysis/output/bs_telescope/computer_1_wideband
    jobid: 2
    reason: Code has changed since last execution
    wildcards: computer=computer_1, band=wideband
    resources: tmpdir=/var/folders/n5/vrbn2g0n2kj2ksmdqdnhl3_40000gn/T

[Tue Apr 16 16:05:34 2024]
Error in rule run_etalon_detection:
    jobid: 2
    output: /Users/elimiller/Documents/1Research/python_project/etalon_detection_analysis/output/bs_telescope/computer_1_wideband
    shell:
        
        python etalon_detection.py --r "/Users/elimiller/UCB-O365/Precision Laser Diagnostics Lab-Data sharing - NNA/computer_1/output/BS_telescope/realtime_output_wideband/residuals/"         --d "/Users/elimiller/UCB-O365/Precision Laser Diagnostics Lab-Data sharing - NNA/computer_1/output/BS_telescope/realtime_output_wideband/output/"         --o "/Users/elimiller/Documents/1Research/python_project/etalon_detection_analysis/output/bs_telescope/computer_1_wideband"         --s "/Users/elimiller/Documents/1Research/python_project/etalon_detection_analysis/output/bs_telescope/computer_1_wideband"         
        (one of the commands exited with non-zero exit code; note that snakemake uses bash strict mode!)

Shutting down, this might take some time.
Exiting because a job execution failed. Look above for error message
Complete log: .snakemake/log/2024-04-16T160522.991961.snakemake.log
