Building DAG of jobs...
Using shell: /bin/bash
Provided cores: 1 (use --cores to define parallelism)
Rules claiming more threads will be scaled down.
Job stats:
job                     count
--------------------  -------
all                         1
run_etalon_detection        4
total                       5

Select jobs to execute...

[Wed Apr 17 10:52:45 2024]
rule run_etalon_detection:
    output: /Users/elimiller/Documents/1Research/python_project/etalon_detection_analysis/output/bs_telescope/computer_2_narrowband
    jobid: 3
    reason: Code has changed since last execution
    wildcards: computer=computer_2, band=narrowband
    resources: tmpdir=/var/folders/n5/vrbn2g0n2kj2ksmdqdnhl3_40000gn/T

[Wed Apr 17 10:52:55 2024]
Error in rule run_etalon_detection:
    jobid: 3
    output: /Users/elimiller/Documents/1Research/python_project/etalon_detection_analysis/output/bs_telescope/computer_2_narrowband
    shell:
        
        python etalon_detection.py --r "/Users/elimiller/UCB-O365/Precision Laser Diagnostics Lab-Data sharing - NNA/computer_2/output/BS_telescope/realtime_output_narrowband/residuals/"         --d "/Users/elimiller/UCB-O365/Precision Laser Diagnostics Lab-Data sharing - NNA/computer_2/output/BS_telescope/realtime_output_narrowband/output/"         --o "/Users/elimiller/Documents/1Research/python_project/etalon_detection_analysis/output/bs_telescope/computer_2_narrowbandtop_P2P"         --s "/Users/elimiller/Documents/1Research/python_project/etalon_detection_analysis/output/bs_telescope/computer_2_narrowbandtop_P2P"         
        (one of the commands exited with non-zero exit code; note that snakemake uses bash strict mode!)

Shutting down, this might take some time.
Exiting because a job execution failed. Look above for error message
Complete log: .snakemake/log/2024-04-17T105242.675666.snakemake.log
