Building DAG of jobs...
Using shell: /bin/bash
Provided cores: 1 (use --cores to define parallelism)
Rules claiming more threads will be scaled down.
Job stats:
job                     count
--------------------  -------
all                         1
run_etalon_detection        3
total                       4

Select jobs to execute...

[Tue Apr 16 15:41:03 2024]
rule run_etalon_detection:
    output: /Users/elimiller/Documents/1Research/python_project/etalon_detection_analysis/output/bs_telescope/computer_2_wideband
    jobid: 4
    reason: Missing output files: /Users/elimiller/Documents/1Research/python_project/etalon_detection_analysis/output/bs_telescope/computer_2_wideband
    wildcards: computer=computer_2, band=wideband
    resources: tmpdir=/var/folders/n5/vrbn2g0n2kj2ksmdqdnhl3_40000gn/T

[Tue Apr 16 15:41:17 2024]
Finished job 4.
1 of 4 steps (25%) done
Select jobs to execute...

[Tue Apr 16 15:41:17 2024]
rule run_etalon_detection:
    output: /Users/elimiller/Documents/1Research/python_project/etalon_detection_analysis/output/bs_telescope/computer_1_narrowband
    jobid: 1
    reason: Missing output files: /Users/elimiller/Documents/1Research/python_project/etalon_detection_analysis/output/bs_telescope/computer_1_narrowband
    wildcards: computer=computer_1, band=narrowband
    resources: tmpdir=/var/folders/n5/vrbn2g0n2kj2ksmdqdnhl3_40000gn/T

[Tue Apr 16 15:41:21 2024]
Finished job 1.
2 of 4 steps (50%) done
Select jobs to execute...

[Tue Apr 16 15:41:21 2024]
rule run_etalon_detection:
    output: /Users/elimiller/Documents/1Research/python_project/etalon_detection_analysis/output/bs_telescope/computer_2_narrowband
    jobid: 3
    reason: Missing output files: /Users/elimiller/Documents/1Research/python_project/etalon_detection_analysis/output/bs_telescope/computer_2_narrowband
    wildcards: computer=computer_2, band=narrowband
    resources: tmpdir=/var/folders/n5/vrbn2g0n2kj2ksmdqdnhl3_40000gn/T

[Tue Apr 16 15:41:25 2024]
Finished job 3.
3 of 4 steps (75%) done
Select jobs to execute...

[Tue Apr 16 15:41:25 2024]
localrule all:
    input: /Users/elimiller/Documents/1Research/python_project/etalon_detection_analysis/output/bs_telescope/computer_1_narrowband, /Users/elimiller/Documents/1Research/python_project/etalon_detection_analysis/output/bs_telescope/computer_1_wideband, /Users/elimiller/Documents/1Research/python_project/etalon_detection_analysis/output/bs_telescope/computer_2_narrowband, /Users/elimiller/Documents/1Research/python_project/etalon_detection_analysis/output/bs_telescope/computer_2_wideband
    jobid: 0
    reason: Input files updated by another job: /Users/elimiller/Documents/1Research/python_project/etalon_detection_analysis/output/bs_telescope/computer_1_narrowband, /Users/elimiller/Documents/1Research/python_project/etalon_detection_analysis/output/bs_telescope/computer_2_wideband, /Users/elimiller/Documents/1Research/python_project/etalon_detection_analysis/output/bs_telescope/computer_2_narrowband
    resources: tmpdir=/var/folders/n5/vrbn2g0n2kj2ksmdqdnhl3_40000gn/T

[Tue Apr 16 15:41:25 2024]
Finished job 0.
4 of 4 steps (100%) done
Complete log: .snakemake/log/2024-04-16T154103.432815.snakemake.log
