Building DAG of jobs...
Using shell: /bin/bash
Provided cores: 1 (use --cores to define parallelism)
Rules claiming more threads will be scaled down.
Job stats:
job                     count
--------------------  -------
all                         1
run_etalon_detection        4
total                       5

Select jobs to execute...

[Wed Apr 17 10:54:44 2024]
rule run_etalon_detection:
    output: /Users/elimiller/Documents/1Research/python_project/etalon_detection_analysis/output/bs_telescope/computer_2_narrowband_top_P2P
    jobid: 3
    reason: Missing output files: /Users/elimiller/Documents/1Research/python_project/etalon_detection_analysis/output/bs_telescope/computer_2_narrowband_top_P2P
    wildcards: computer=computer_2_narrowband_top, band=P2P
    resources: tmpdir=/var/folders/n5/vrbn2g0n2kj2ksmdqdnhl3_40000gn/T

[Wed Apr 17 10:54:46 2024]
Error in rule run_etalon_detection:
    jobid: 3
    output: /Users/elimiller/Documents/1Research/python_project/etalon_detection_analysis/output/bs_telescope/computer_2_narrowband_top_P2P
    shell:
        
        python etalon_detection.py --r "/Users/elimiller/UCB-O365/Precision Laser Diagnostics Lab-Data sharing - NNA/computer_2_narrowband_top/output/BS_telescope/realtime_output_P2P/residuals/"         --d "/Users/elimiller/UCB-O365/Precision Laser Diagnostics Lab-Data sharing - NNA/computer_2_narrowband_top/output/BS_telescope/realtime_output_P2P/output/"         --o "/Users/elimiller/Documents/1Research/python_project/etalon_detection_analysis/output/bs_telescope/computer_2_narrowband_top_P2P_top_P2P"         --s "/Users/elimiller/Documents/1Research/python_project/etalon_detection_analysis/output/bs_telescope/computer_2_narrowband_top_P2P_top_P2P"         
        (one of the commands exited with non-zero exit code; note that snakemake uses bash strict mode!)

Shutting down, this might take some time.
Exiting because a job execution failed. Look above for error message
Complete log: .snakemake/log/2024-04-17T105443.215593.snakemake.log
